  lab4.cpp
W:\HUST\HUST-数据结构（COSC262）\数据结构实验\实验四：图\lab4\lab4.cpp(15,1): warning C4005: “OVERFLOW”: 宏重定义
C:\Program Files (x86)\Windows Kits\10\Include\10.0.19041.0\ucrt\corecrt_math.h(965): message : 参见“OVERFLOW”的前一个定义
W:\HUST\HUST-数据结构（COSC262）\数据结构实验\实验四：图\lab4\lab4.cpp(100,3): warning C4996: 'scanf': This function or variable may be unsafe. Consider using scanf_s instead. To disable deprecation, use _CRT_SECURE_NO_WARNINGS. See online help for details.
W:\HUST\HUST-数据结构（COSC262）\数据结构实验\实验四：图\lab4\lab4.cpp(134,4): warning C4996: 'scanf': This function or variable may be unsafe. Consider using scanf_s instead. To disable deprecation, use _CRT_SECURE_NO_WARNINGS. See online help for details.
W:\HUST\HUST-数据结构（COSC262）\数据结构实验\实验四：图\lab4\lab4.cpp(150,4): warning C4996: 'scanf': This function or variable may be unsafe. Consider using scanf_s instead. To disable deprecation, use _CRT_SECURE_NO_WARNINGS. See online help for details.
W:\HUST\HUST-数据结构（COSC262）\数据结构实验\实验四：图\lab4\lab4.cpp(170,4): warning C4996: 'scanf': This function or variable may be unsafe. Consider using scanf_s instead. To disable deprecation, use _CRT_SECURE_NO_WARNINGS. See online help for details.
W:\HUST\HUST-数据结构（COSC262）\数据结构实验\实验四：图\lab4\lab4.cpp(176,5): warning C4996: 'scanf': This function or variable may be unsafe. Consider using scanf_s instead. To disable deprecation, use _CRT_SECURE_NO_WARNINGS. See online help for details.
W:\HUST\HUST-数据结构（COSC262）\数据结构实验\实验四：图\lab4\lab4.cpp(178,5): warning C4996: 'strcpy': This function or variable may be unsafe. Consider using strcpy_s instead. To disable deprecation, use _CRT_SECURE_NO_WARNINGS. See online help for details.
W:\HUST\HUST-数据结构（COSC262）\数据结构实验\实验四：图\lab4\lab4.cpp(192,4): warning C4996: 'scanf': This function or variable may be unsafe. Consider using scanf_s instead. To disable deprecation, use _CRT_SECURE_NO_WARNINGS. See online help for details.
W:\HUST\HUST-数据结构（COSC262）\数据结构实验\实验四：图\lab4\lab4.cpp(220,4): warning C4996: 'scanf': This function or variable may be unsafe. Consider using scanf_s instead. To disable deprecation, use _CRT_SECURE_NO_WARNINGS. See online help for details.
W:\HUST\HUST-数据结构（COSC262）\数据结构实验\实验四：图\lab4\lab4.cpp(227,5): warning C4996: 'scanf': This function or variable may be unsafe. Consider using scanf_s instead. To disable deprecation, use _CRT_SECURE_NO_WARNINGS. See online help for details.
W:\HUST\HUST-数据结构（COSC262）\数据结构实验\实验四：图\lab4\lab4.cpp(255,4): warning C4996: 'scanf': This function or variable may be unsafe. Consider using scanf_s instead. To disable deprecation, use _CRT_SECURE_NO_WARNINGS. See online help for details.
W:\HUST\HUST-数据结构（COSC262）\数据结构实验\实验四：图\lab4\lab4.cpp(276,4): warning C4996: 'scanf': This function or variable may be unsafe. Consider using scanf_s instead. To disable deprecation, use _CRT_SECURE_NO_WARNINGS. See online help for details.
W:\HUST\HUST-数据结构（COSC262）\数据结构实验\实验四：图\lab4\lab4.cpp(291,4): warning C4996: 'scanf': This function or variable may be unsafe. Consider using scanf_s instead. To disable deprecation, use _CRT_SECURE_NO_WARNINGS. See online help for details.
W:\HUST\HUST-数据结构（COSC262）\数据结构实验\实验四：图\lab4\lab4.cpp(307,4): warning C4996: 'scanf': This function or variable may be unsafe. Consider using scanf_s instead. To disable deprecation, use _CRT_SECURE_NO_WARNINGS. See online help for details.
W:\HUST\HUST-数据结构（COSC262）\数据结构实验\实验四：图\lab4\lab4.cpp(365,4): warning C4996: 'scanf': This function or variable may be unsafe. Consider using scanf_s instead. To disable deprecation, use _CRT_SECURE_NO_WARNINGS. See online help for details.
W:\HUST\HUST-数据结构（COSC262）\数据结构实验\实验四：图\lab4\lab4.cpp(398,2): warning C4996: 'scanf': This function or variable may be unsafe. Consider using scanf_s instead. To disable deprecation, use _CRT_SECURE_NO_WARNINGS. See online help for details.
W:\HUST\HUST-数据结构（COSC262）\数据结构实验\实验四：图\lab4\lab4.cpp(400,2): warning C4996: 'scanf': This function or variable may be unsafe. Consider using scanf_s instead. To disable deprecation, use _CRT_SECURE_NO_WARNINGS. See online help for details.
W:\HUST\HUST-数据结构（COSC262）\数据结构实验\实验四：图\lab4\lab4.cpp(408,3): warning C4996: 'scanf': This function or variable may be unsafe. Consider using scanf_s instead. To disable deprecation, use _CRT_SECURE_NO_WARNINGS. See online help for details.
W:\HUST\HUST-数据结构（COSC262）\数据结构实验\实验四：图\lab4\lab4.cpp(415,3): warning C4996: 'scanf': This function or variable may be unsafe. Consider using scanf_s instead. To disable deprecation, use _CRT_SECURE_NO_WARNINGS. See online help for details.
W:\HUST\HUST-数据结构（COSC262）\数据结构实验\实验四：图\lab4\lab4.cpp(497,2): warning C4996: 'strcpy': This function or variable may be unsafe. Consider using strcpy_s instead. To disable deprecation, use _CRT_SECURE_NO_WARNINGS. See online help for details.
W:\HUST\HUST-数据结构（COSC262）\数据结构实验\实验四：图\lab4\lab4.cpp(548,2): warning C4996: 'strcpy': This function or variable may be unsafe. Consider using strcpy_s instead. To disable deprecation, use _CRT_SECURE_NO_WARNINGS. See online help for details.
W:\HUST\HUST-数据结构（COSC262）\数据结构实验\实验四：图\lab4\lab4.cpp(808,18): warning C4474: printf: 格式字符串中传递的参数太多
W:\HUST\HUST-数据结构（COSC262）\数据结构实验\实验四：图\lab4\lab4.cpp(808,18): message : 占位符和其参数预计 0 可变参数，但提供的却是 1 参数
W:\HUST\HUST-数据结构（COSC262）\数据结构实验\实验四：图\lab4\lab4.cpp(837,5): warning C4996: 'strcpy': This function or variable may be unsafe. Consider using strcpy_s instead. To disable deprecation, use _CRT_SECURE_NO_WARNINGS. See online help for details.
W:\HUST\HUST-数据结构（COSC262）\数据结构实验\实验四：图\lab4\lab4.cpp(838,64): warning C4996: 'strcpy': This function or variable may be unsafe. Consider using strcpy_s instead. To disable deprecation, use _CRT_SECURE_NO_WARNINGS. See online help for details.
W:\HUST\HUST-数据结构（COSC262）\数据结构实验\实验四：图\lab4\lab4.cpp(860,2): warning C4996: 'strcpy': This function or variable may be unsafe. Consider using strcpy_s instead. To disable deprecation, use _CRT_SECURE_NO_WARNINGS. See online help for details.
W:\HUST\HUST-数据结构（COSC262）\数据结构实验\实验四：图\lab4\lab4.cpp(863,61): warning C4996: 'strcpy': This function or variable may be unsafe. Consider using strcpy_s instead. To disable deprecation, use _CRT_SECURE_NO_WARNINGS. See online help for details.
W:\HUST\HUST-数据结构（COSC262）\数据结构实验\实验四：图\lab4\lab4.cpp(920,2): warning C4996: 'scanf': This function or variable may be unsafe. Consider using scanf_s instead. To disable deprecation, use _CRT_SECURE_NO_WARNINGS. See online help for details.
W:\HUST\HUST-数据结构（COSC262）\数据结构实验\实验四：图\lab4\lab4.cpp(921,12): warning C4996: 'fopen': This function or variable may be unsafe. Consider using fopen_s instead. To disable deprecation, use _CRT_SECURE_NO_WARNINGS. See online help for details.
W:\HUST\HUST-数据结构（COSC262）\数据结构实验\实验四：图\lab4\lab4.cpp(959,2): warning C4996: 'scanf': This function or variable may be unsafe. Consider using scanf_s instead. To disable deprecation, use _CRT_SECURE_NO_WARNINGS. See online help for details.
W:\HUST\HUST-数据结构（COSC262）\数据结构实验\实验四：图\lab4\lab4.cpp(960,12): warning C4996: 'fopen': This function or variable may be unsafe. Consider using fopen_s instead. To disable deprecation, use _CRT_SECURE_NO_WARNINGS. See online help for details.
  lab4.vcxproj -> W:\HUST\HUST-数据结构（COSC262）\数据结构实验\实验四：图\lab4\Debug\lab4.exe
