  Web Socket-Server.cpp
E:\HUST\HUST-计算机网络（COSC264）\COSC264-计算机通信与网络实验项目（HUST）\实验1\Web Socket-Server\Web Socket-Server.cpp(26,7): warning C4101: “c”: 未引用的局部变量
E:\HUST\HUST-计算机网络（COSC264）\COSC264-计算机通信与网络实验项目（HUST）\实验1\Web Socket-Server\Web Socket-Server.cpp(19,6): warning C4101: “i”: 未引用的局部变量
E:\HUST\HUST-计算机网络（COSC264）\COSC264-计算机通信与网络实验项目（HUST）\实验1\Web Socket-Server\Web Socket-Server.cpp(234,34): warning C4244: “=”: 从“std::streamoff”转换到“int”，可能丢失数据
E:\HUST\HUST-计算机网络（COSC264）\COSC264-计算机通信与网络实验项目（HUST）\实验1\Web Socket-Server\Web Socket-Server.cpp(266,45): warning C4267: “初始化”: 从“size_t”转换到“int”，可能丢失数据
E:\HUST\HUST-计算机网络（COSC264）\COSC264-计算机通信与网络实验项目（HUST）\实验1\Web Socket-Server\Web Socket-Server.cpp(297,62): warning C4267: “参数”: 从“size_t”转换到“int”，可能丢失数据
E:\HUST\HUST-计算机网络（COSC264）\COSC264-计算机通信与网络实验项目（HUST）\实验1\Web Socket-Server\Web Socket-Server.cpp(81,31): warning C4996: 'inet_addr': Use inet_pton() or InetPton() instead or define _WINSOCK_DEPRECATED_NO_WARNINGS to disable deprecated API warnings
E:\HUST\HUST-计算机网络（COSC264）\COSC264-计算机通信与网络实验项目（HUST）\实验1\Web Socket-Server\Web Socket-Server.cpp(128,2): warning C4996: 'strcpy': This function or variable may be unsafe. Consider using strcpy_s instead. To disable deprecation, use _CRT_SECURE_NO_WARNINGS. See online help for details.
E:\HUST\HUST-计算机网络（COSC264）\COSC264-计算机通信与网络实验项目（HUST）\实验1\Web Socket-Server\Web Socket-Server.cpp(191,3): warning C4996: 'strcpy': This function or variable may be unsafe. Consider using strcpy_s instead. To disable deprecation, use _CRT_SECURE_NO_WARNINGS. See online help for details.
E:\HUST\HUST-计算机网络（COSC264）\COSC264-计算机通信与网络实验项目（HUST）\实验1\Web Socket-Server\Web Socket-Server.cpp(202,40): warning C4996: 'inet_ntoa': Use inet_ntop() or InetNtop() instead or define _WINSOCK_DEPRECATED_NO_WARNINGS to disable deprecated API warnings
E:\HUST\HUST-计算机网络（COSC264）\COSC264-计算机通信与网络实验项目（HUST）\实验1\Web Socket-Server\Web Socket-Server.cpp(212,7): warning C4996: 'strcat': This function or variable may be unsafe. Consider using strcat_s instead. To disable deprecation, use _CRT_SECURE_NO_WARNINGS. See online help for details.
E:\HUST\HUST-计算机网络（COSC264）\COSC264-计算机通信与网络实验项目（HUST）\实验1\Web Socket-Server\Web Socket-Server.cpp(220,6): warning C4996: 'strcpy': This function or variable may be unsafe. Consider using strcpy_s instead. To disable deprecation, use _CRT_SECURE_NO_WARNINGS. See online help for details.
E:\HUST\HUST-计算机网络（COSC264）\COSC264-计算机通信与网络实验项目（HUST）\实验1\Web Socket-Server\Web Socket-Server.cpp(230,8): warning C4996: 'strcat': This function or variable may be unsafe. Consider using strcat_s instead. To disable deprecation, use _CRT_SECURE_NO_WARNINGS. See online help for details.
E:\HUST\HUST-计算机网络（COSC264）\COSC264-计算机通信与网络实验项目（HUST）\实验1\Web Socket-Server\Web Socket-Server.cpp(242,7): warning C4996: 'strcpy': This function or variable may be unsafe. Consider using strcpy_s instead. To disable deprecation, use _CRT_SECURE_NO_WARNINGS. See online help for details.
E:\HUST\HUST-计算机网络（COSC264）\COSC264-计算机通信与网络实验项目（HUST）\实验1\Web Socket-Server\Web Socket-Server.cpp(243,7): warning C4996: 'strcat': This function or variable may be unsafe. Consider using strcat_s instead. To disable deprecation, use _CRT_SECURE_NO_WARNINGS. See online help for details.
E:\HUST\HUST-计算机网络（COSC264）\COSC264-计算机通信与网络实验项目（HUST）\实验1\Web Socket-Server\Web Socket-Server.cpp(244,7): warning C4996: 'sprintf': This function or variable may be unsafe. Consider using sprintf_s instead. To disable deprecation, use _CRT_SECURE_NO_WARNINGS. See online help for details.
E:\HUST\HUST-计算机网络（COSC264）\COSC264-计算机通信与网络实验项目（HUST）\实验1\Web Socket-Server\Web Socket-Server.cpp(245,7): warning C4996: 'strcat': This function or variable may be unsafe. Consider using strcat_s instead. To disable deprecation, use _CRT_SECURE_NO_WARNINGS. See online help for details.
E:\HUST\HUST-计算机网络（COSC264）\COSC264-计算机通信与网络实验项目（HUST）\实验1\Web Socket-Server\Web Socket-Server.cpp(251,8): warning C4996: 'strcat': This function or variable may be unsafe. Consider using strcat_s instead. To disable deprecation, use _CRT_SECURE_NO_WARNINGS. See online help for details.
E:\HUST\HUST-计算机网络（COSC264）\COSC264-计算机通信与网络实验项目（HUST）\实验1\Web Socket-Server\Web Socket-Server.cpp(254,8): warning C4996: 'strcat': This function or variable may be unsafe. Consider using strcat_s instead. To disable deprecation, use _CRT_SECURE_NO_WARNINGS. See online help for details.
E:\HUST\HUST-计算机网络（COSC264）\COSC264-计算机通信与网络实验项目（HUST）\实验1\Web Socket-Server\Web Socket-Server.cpp(257,8): warning C4996: 'strcat': This function or variable may be unsafe. Consider using strcat_s instead. To disable deprecation, use _CRT_SECURE_NO_WARNINGS. See online help for details.
E:\HUST\HUST-计算机网络（COSC264）\COSC264-计算机通信与网络实验项目（HUST）\实验1\Web Socket-Server\Web Socket-Server.cpp(260,8): warning C4996: 'strcat': This function or variable may be unsafe. Consider using strcat_s instead. To disable deprecation, use _CRT_SECURE_NO_WARNINGS. See online help for details.
E:\HUST\HUST-计算机网络（COSC264）\COSC264-计算机通信与网络实验项目（HUST）\实验1\Web Socket-Server\Web Socket-Server.cpp(264,7): warning C4996: 'strcat': This function or variable may be unsafe. Consider using strcat_s instead. To disable deprecation, use _CRT_SECURE_NO_WARNINGS. See online help for details.
E:\HUST\HUST-计算机网络（COSC264）\COSC264-计算机通信与网络实验项目（HUST）\实验1\Web Socket-Server\Web Socket-Server.cpp(265,7): warning C4996: 'strcat': This function or variable may be unsafe. Consider using strcat_s instead. To disable deprecation, use _CRT_SECURE_NO_WARNINGS. See online help for details.
E:\HUST\HUST-计算机网络（COSC264）\COSC264-计算机通信与网络实验项目（HUST）\实验1\Web Socket-Server\Web Socket-Server.cpp(290,7): warning C4996: 'strcpy': This function or variable may be unsafe. Consider using strcpy_s instead. To disable deprecation, use _CRT_SECURE_NO_WARNINGS. See online help for details.
E:\HUST\HUST-计算机网络（COSC264）\COSC264-计算机通信与网络实验项目（HUST）\实验1\Web Socket-Server\Web Socket-Server.cpp(291,7): warning C4996: 'strcpy': This function or variable may be unsafe. Consider using strcpy_s instead. To disable deprecation, use _CRT_SECURE_NO_WARNINGS. See online help for details.
E:\HUST\HUST-计算机网络（COSC264）\COSC264-计算机通信与网络实验项目（HUST）\实验1\Web Socket-Server\Web Socket-Server.cpp(292,7): warning C4996: 'strcat': This function or variable may be unsafe. Consider using strcat_s instead. To disable deprecation, use _CRT_SECURE_NO_WARNINGS. See online help for details.
E:\HUST\HUST-计算机网络（COSC264）\COSC264-计算机通信与网络实验项目（HUST）\实验1\Web Socket-Server\Web Socket-Server.cpp(293,7): warning C4996: 'strcat': This function or variable may be unsafe. Consider using strcat_s instead. To disable deprecation, use _CRT_SECURE_NO_WARNINGS. See online help for details.
E:\HUST\HUST-计算机网络（COSC264）\COSC264-计算机通信与网络实验项目（HUST）\实验1\Web Socket-Server\Web Socket-Server.cpp(294,7): warning C4996: 'strcat': This function or variable may be unsafe. Consider using strcat_s instead. To disable deprecation, use _CRT_SECURE_NO_WARNINGS. See online help for details.
E:\HUST\HUST-计算机网络（COSC264）\COSC264-计算机通信与网络实验项目（HUST）\实验1\Web Socket-Server\Web Socket-Server.cpp(295,7): warning C4996: 'strcat': This function or variable may be unsafe. Consider using strcat_s instead. To disable deprecation, use _CRT_SECURE_NO_WARNINGS. See online help for details.
E:\HUST\HUST-计算机网络（COSC264）\COSC264-计算机通信与网络实验项目（HUST）\实验1\Web Socket-Server\Web Socket-Server.cpp(296,7): warning C4996: 'strcat': This function or variable may be unsafe. Consider using strcat_s instead. To disable deprecation, use _CRT_SECURE_NO_WARNINGS. See online help for details.
E:\HUST\HUST-计算机网络（COSC264）\COSC264-计算机通信与网络实验项目（HUST）\实验1\Web Socket-Server\Web Socket-Server.cpp(276,12): warning C4101: “c”: 未引用的局部变量
E:\HUST\HUST-计算机网络（COSC264）\COSC264-计算机通信与网络实验项目（HUST）\实验1\Web Socket-Server\Web Socket-Server.cpp(269,11): warning C4101: “i”: 未引用的局部变量
E:\HUST\HUST-计算机网络（COSC264）\COSC264-计算机通信与网络实验项目（HUST）\实验1\Web Socket-Server\Web Socket-Server.cpp(289,12): warning C4101: “format_s”: 未引用的局部变量
E:\HUST\HUST-计算机网络（COSC264）\COSC264-计算机通信与网络实验项目（HUST）\实验1\Web Socket-Server\Web Socket-Server.cpp(29): warning C4172: 返回局部变量或临时变量的地址: buffer
  Web Socket-Server.vcxproj -> E:\HUST\HUST-计算机网络（COSC264）\COSC264-计算机通信与网络实验项目（HUST）\实验1\x64\Debug\Web Socket-Server.exe
